<?xml version="1.0" encoding="UTF-8"?>
<!-- Generated by org.testng.reporters.JUnitReportReporter -->
<testsuite skipped="0" hostname="ip-172-31-14-28" name="Maven.Simplilearn_Maven.AppTest" tests="1" failures="0" timestamp="25 Feb 2021 04:05:55 GMT" time="0.009" errors="0">
  <testcase name="testApp" time="0.009" classname="Maven.Simplilearn_Maven.AppTest"/>
</testsuite> <!-- Maven.Simplilearn_Maven.AppTest -->
